{"/Users/max/Documents/Project/Explore/udemy/Robofriends-pwa/src/actions.js": {"path":"/Users/max/Documents/Project/Explore/udemy/Robofriends-pwa/src/actions.js","statementMap":{"0":{"start":{"line":1,"column":13},"end":{"line":1,"column":75}},"1":{"start":{"line":1,"column":75},"end":{"line":1,"column":134}},"2":{"start":{"line":1,"column":145},"end":{"line":1,"column":165}},"3":{"start":{"line":2,"column":17},"end":{"line":2,"column":39}},"4":{"start":{"line":9,"column":23},"end":{"line":9,"column":112}},"5":{"start":{"line":9,"column":57},"end":{"line":9,"column":111}},"6":{"start":{"line":11,"column":22},"end":{"line":16,"column":1}},"7":{"start":{"line":12,"column":2},"end":{"line":12,"column":56}},"8":{"start":{"line":13,"column":2},"end":{"line":15,"column":87}},"9":{"start":{"line":14,"column":15},"end":{"line":14,"column":83}},"10":{"start":{"line":15,"column":17},"end":{"line":15,"column":85}}},"fnMap":{"0":{"name":"(anonymous_0)","decl":{"start":{"line":9,"column":48},"end":{"line":9,"column":49}},"loc":{"start":{"line":9,"column":57},"end":{"line":9,"column":111}},"line":9},"1":{"name":"(anonymous_1)","decl":{"start":{"line":11,"column":46},"end":{"line":11,"column":47}},"loc":{"start":{"line":11,"column":58},"end":{"line":16,"column":1}},"line":11},"2":{"name":"(anonymous_2)","decl":{"start":{"line":14,"column":7},"end":{"line":14,"column":8}},"loc":{"start":{"line":14,"column":15},"end":{"line":14,"column":83}},"line":14},"3":{"name":"(anonymous_3)","decl":{"start":{"line":15,"column":8},"end":{"line":15,"column":9}},"loc":{"start":{"line":15,"column":17},"end":{"line":15,"column":85}},"line":15}},"branchMap":{},"s":{"0":0,"1":0,"2":0,"3":0,"4":0,"5":0,"6":0,"7":0,"8":0,"9":0,"10":0},"f":{"0":0,"1":0,"2":0,"3":0},"b":{}}
,"/Users/max/Documents/Project/Explore/udemy/Robofriends-pwa/src/constants.js": {"path":"/Users/max/Documents/Project/Explore/udemy/Robofriends-pwa/src/constants.js","statementMap":{"0":{"start":{"line":1,"column":13},"end":{"line":1,"column":75}},"1":{"start":{"line":1,"column":102},"end":{"line":1,"column":151}},"2":{"start":{"line":3,"column":31},"end":{"line":3,"column":88}},"3":{"start":{"line":4,"column":31},"end":{"line":4,"column":88}},"4":{"start":{"line":5,"column":30},"end":{"line":5,"column":85}}},"fnMap":{},"branchMap":{},"s":{"0":0,"1":0,"2":0,"3":0,"4":0},"f":{},"b":{}}
,"/Users/max/Documents/Project/Explore/udemy/Robofriends-pwa/src/index.js": {"path":"/Users/max/Documents/Project/Explore/udemy/Robofriends-pwa/src/index.js","statementMap":{"0":{"start":{"line":1,"column":32},"end":{"line":1,"column":105}},"1":{"start":{"line":1,"column":119},"end":{"line":1,"column":135}},"2":{"start":{"line":1,"column":150},"end":{"line":1,"column":180}},"3":{"start":{"line":2,"column":16},"end":{"line":2,"column":36}},"4":{"start":{"line":2,"column":54},"end":{"line":2,"column":87}},"5":{"start":{"line":3,"column":13},"end":{"line":3,"column":29}},"6":{"start":{"line":4,"column":18},"end":{"line":4,"column":40}},"7":{"start":{"line":5,"column":18},"end":{"line":5,"column":40}},"8":{"start":{"line":5,"column":60},"end":{"line":5,"column":95}},"9":{"start":{"line":6,"column":19},"end":{"line":6,"column":42}},"10":{"start":{"line":7,"column":0},"end":{"line":7,"column":20}},"11":{"start":{"line":9,"column":11},"end":{"line":9,"column":38}},"12":{"start":{"line":9,"column":51},"end":{"line":9,"column":79}},"13":{"start":{"line":10,"column":29},"end":{"line":10,"column":63}},"14":{"start":{"line":10,"column":94},"end":{"line":10,"column":140}},"15":{"start":{"line":11,"column":16},"end":{"line":11,"column":37}},"16":{"start":{"line":13,"column":0},"end":{"line":13,"column":23}},"17":{"start":{"line":13,"column":61},"end":{"line":13,"column":115}},"18":{"start":{"line":15,"column":15},"end":{"line":15,"column":47}},"19":{"start":{"line":17,"column":21},"end":{"line":17,"column":130}},"20":{"start":{"line":19,"column":14},"end":{"line":19,"column":110}},"21":{"start":{"line":21,"column":0},"end":{"line":25,"column":33}},"22":{"start":{"line":27,"column":0},"end":{"line":27,"column":39}}},"fnMap":{"0":{"name":"_interopRequireDefault","decl":{"start":{"line":13,"column":32},"end":{"line":13,"column":54}},"loc":{"start":{"line":13,"column":60},"end":{"line":13,"column":116}},"line":13}},"branchMap":{"0":{"loc":{"start":{"line":13,"column":68},"end":{"line":13,"column":114}},"type":"cond-expr","locations":[{"start":{"line":13,"column":92},"end":{"line":13,"column":95}},{"start":{"line":13,"column":98},"end":{"line":13,"column":114}}],"line":13},"1":{"loc":{"start":{"line":13,"column":68},"end":{"line":13,"column":89}},"type":"binary-expr","locations":[{"start":{"line":13,"column":68},"end":{"line":13,"column":71}},{"start":{"line":13,"column":75},"end":{"line":13,"column":89}}],"line":13}},"s":{"0":0,"1":0,"2":0,"3":0,"4":0,"5":0,"6":0,"7":0,"8":0,"9":0,"10":0,"11":0,"12":0,"13":0,"14":0,"15":0,"16":0,"17":0,"18":0,"19":0,"20":0,"21":0,"22":0},"f":{"0":0},"b":{"0":[0,0],"1":[0,0]}}
,"/Users/max/Documents/Project/Explore/udemy/Robofriends-pwa/src/reducers.js": {"path":"/Users/max/Documents/Project/Explore/udemy/Robofriends-pwa/src/reducers.js","statementMap":{"0":{"start":{"line":1,"column":13},"end":{"line":1,"column":75}},"1":{"start":{"line":1,"column":75},"end":{"line":1,"column":132}},"2":{"start":{"line":1,"column":149},"end":{"line":1,"column":171}},"3":{"start":{"line":8,"column":27},"end":{"line":9,"column":19}},"4":{"start":{"line":12,"column":21},"end":{"line":19,"column":1}},"5":{"start":{"line":13,"column":2},"end":{"line":17,"column":20}},"6":{"start":{"line":15,"column":6},"end":{"line":15,"column":71}},"7":{"start":{"line":17,"column":6},"end":{"line":17,"column":19}},"8":{"start":{"line":21,"column":27},"end":{"line":23,"column":19}},"9":{"start":{"line":26,"column":22},"end":{"line":37,"column":1}},"10":{"start":{"line":27,"column":2},"end":{"line":35,"column":20}},"11":{"start":{"line":29,"column":6},"end":{"line":29,"column":59}},"12":{"start":{"line":31,"column":6},"end":{"line":31,"column":84}},"13":{"start":{"line":33,"column":6},"end":{"line":33,"column":65}},"14":{"start":{"line":35,"column":6},"end":{"line":35,"column":19}}},"fnMap":{"0":{"name":"(anonymous_0)","decl":{"start":{"line":12,"column":44},"end":{"line":12,"column":45}},"loc":{"start":{"line":12,"column":89},"end":{"line":19,"column":1}},"line":12},"1":{"name":"(anonymous_1)","decl":{"start":{"line":26,"column":46},"end":{"line":26,"column":47}},"loc":{"start":{"line":26,"column":91},"end":{"line":37,"column":1}},"line":26}},"branchMap":{"0":{"loc":{"start":{"line":12,"column":45},"end":{"line":12,"column":71}},"type":"default-arg","locations":[{"start":{"line":12,"column":53},"end":{"line":12,"column":71}}],"line":12},"1":{"loc":{"start":{"line":12,"column":73},"end":{"line":12,"column":84}},"type":"default-arg","locations":[{"start":{"line":12,"column":82},"end":{"line":12,"column":84}}],"line":12},"2":{"loc":{"start":{"line":13,"column":2},"end":{"line":17,"column":20}},"type":"switch","locations":[{"start":{"line":14,"column":4},"end":{"line":15,"column":71}},{"start":{"line":16,"column":4},"end":{"line":17,"column":19}}],"line":13},"3":{"loc":{"start":{"line":26,"column":47},"end":{"line":26,"column":73}},"type":"default-arg","locations":[{"start":{"line":26,"column":55},"end":{"line":26,"column":73}}],"line":26},"4":{"loc":{"start":{"line":26,"column":75},"end":{"line":26,"column":86}},"type":"default-arg","locations":[{"start":{"line":26,"column":84},"end":{"line":26,"column":86}}],"line":26},"5":{"loc":{"start":{"line":27,"column":2},"end":{"line":35,"column":20}},"type":"switch","locations":[{"start":{"line":28,"column":4},"end":{"line":29,"column":59}},{"start":{"line":30,"column":4},"end":{"line":31,"column":84}},{"start":{"line":32,"column":4},"end":{"line":33,"column":65}},{"start":{"line":34,"column":4},"end":{"line":35,"column":19}}],"line":27}},"s":{"0":0,"1":0,"2":0,"3":0,"4":0,"5":0,"6":0,"7":0,"8":0,"9":0,"10":0,"11":0,"12":0,"13":0,"14":0},"f":{"0":0,"1":0},"b":{"0":[0],"1":[0],"2":[0,0],"3":[0],"4":[0],"5":[0,0,0,0]}}
,"/Users/max/Documents/Project/Explore/udemy/Robofriends-pwa/src/registerServiceWorker.js": {"path":"/Users/max/Documents/Project/Explore/udemy/Robofriends-pwa/src/registerServiceWorker.js","statementMap":{"0":{"start":{"line":1,"column":13},"end":{"line":1,"column":75}},"1":{"start":{"line":1,"column":75},"end":{"line":21,"column":9}},"2":{"start":{"line":21,"column":9},"end":{"line":102,"column":24}},"3":{"start":{"line":109,"column":20},"end":{"line":111,"column":89}},"4":{"start":{"line":111,"column":111},"end":{"line":117,"column":36}},"5":{"start":{"line":112,"column":22},"end":{"line":112,"column":70}},"6":{"start":{"line":112,"column":71},"end":{"line":115,"column":14}},"7":{"start":{"line":115,"column":6},"end":{"line":115,"column":13}},"8":{"start":{"line":115,"column":14},"end":{"line":117,"column":35}},"9":{"start":{"line":115,"column":67},"end":{"line":115,"column":112}},"10":{"start":{"line":115,"column":113},"end":{"line":117,"column":32}},"11":{"start":{"line":116,"column":8},"end":{"line":116,"column":39}},"12":{"start":{"line":117,"column":8},"end":{"line":117,"column":31}},"13":{"start":{"line":117,"column":70},"end":{"line":124,"column":156}},"14":{"start":{"line":117,"column":132},"end":{"line":124,"column":68}},"15":{"start":{"line":117,"column":193},"end":{"line":117,"column":216}},"16":{"start":{"line":117,"column":217},"end":{"line":124,"column":66}},"17":{"start":{"line":117,"column":257},"end":{"line":124,"column":64}},"18":{"start":{"line":117,"column":302},"end":{"line":124,"column":63}},"19":{"start":{"line":121,"column":12},"end":{"line":121,"column":69}},"20":{"start":{"line":124,"column":12},"end":{"line":124,"column":62}},"21":{"start":{"line":124,"column":87},"end":{"line":124,"column":153}},"22":{"start":{"line":125,"column":2},"end":{"line":128,"column":126}},"23":{"start":{"line":126,"column":4},"end":{"line":128,"column":30}},"24":{"start":{"line":127,"column":6},"end":{"line":127,"column":127}},"25":{"start":{"line":127,"column":58},"end":{"line":127,"column":124}},"26":{"start":{"line":127,"column":96},"end":{"line":127,"column":121}},"27":{"start":{"line":128,"column":6},"end":{"line":128,"column":29}},"28":{"start":{"line":128,"column":46},"end":{"line":128,"column":123}},"29":{"start":{"line":128,"column":150},"end":{"line":128,"column":267}},"30":{"start":{"line":128,"column":185},"end":{"line":128,"column":266}},"31":{"start":{"line":128,"column":237},"end":{"line":128,"column":263}}},"fnMap":{"0":{"name":"register","decl":{"start":{"line":111,"column":99},"end":{"line":111,"column":107}},"loc":{"start":{"line":111,"column":110},"end":{"line":117,"column":37}},"line":111},"1":{"name":"(anonymous_1)","decl":{"start":{"line":115,"column":46},"end":{"line":115,"column":47}},"loc":{"start":{"line":115,"column":52},"end":{"line":117,"column":33}},"line":115},"2":{"name":"registerValidSW","decl":{"start":{"line":117,"column":46},"end":{"line":117,"column":61}},"loc":{"start":{"line":117,"column":69},"end":{"line":124,"column":157}},"line":117},"3":{"name":"(anonymous_3)","decl":{"start":{"line":117,"column":115},"end":{"line":117,"column":116}},"loc":{"start":{"line":117,"column":131},"end":{"line":124,"column":69}},"line":117},"4":{"name":"(anonymous_4)","decl":{"start":{"line":117,"column":161},"end":{"line":117,"column":162}},"loc":{"start":{"line":117,"column":167},"end":{"line":124,"column":67}},"line":117},"5":{"name":"(anonymous_5)","decl":{"start":{"line":117,"column":250},"end":{"line":117,"column":251}},"loc":{"start":{"line":117,"column":256},"end":{"line":124,"column":65}},"line":117},"6":{"name":"(anonymous_6)","decl":{"start":{"line":124,"column":77},"end":{"line":124,"column":78}},"loc":{"start":{"line":124,"column":86},"end":{"line":124,"column":154}},"line":124},"7":{"name":"checkValidServiceWorker","decl":{"start":{"line":124,"column":166},"end":{"line":124,"column":189}},"loc":{"start":{"line":124,"column":197},"end":{"line":128,"column":127}},"line":124},"8":{"name":"(anonymous_8)","decl":{"start":{"line":125,"column":20},"end":{"line":125,"column":21}},"loc":{"start":{"line":125,"column":32},"end":{"line":128,"column":31}},"line":125},"9":{"name":"(anonymous_9)","decl":{"start":{"line":127,"column":41},"end":{"line":127,"column":42}},"loc":{"start":{"line":127,"column":57},"end":{"line":127,"column":125}},"line":127},"10":{"name":"(anonymous_10)","decl":{"start":{"line":127,"column":89},"end":{"line":127,"column":90}},"loc":{"start":{"line":127,"column":95},"end":{"line":127,"column":122}},"line":127},"11":{"name":"(anonymous_11)","decl":{"start":{"line":128,"column":39},"end":{"line":128,"column":40}},"loc":{"start":{"line":128,"column":45},"end":{"line":128,"column":124}},"line":128},"12":{"name":"unregister","decl":{"start":{"line":128,"column":136},"end":{"line":128,"column":146}},"loc":{"start":{"line":128,"column":149},"end":{"line":128,"column":268}},"line":128},"13":{"name":"(anonymous_13)","decl":{"start":{"line":128,"column":220},"end":{"line":128,"column":221}},"loc":{"start":{"line":128,"column":236},"end":{"line":128,"column":264}},"line":128}},"branchMap":{"0":{"loc":{"start":{"line":109,"column":28},"end":{"line":111,"column":88}},"type":"binary-expr","locations":[{"start":{"line":109,"column":28},"end":{"line":109,"column":68}},{"start":{"line":110,"column":0},"end":{"line":110,"column":36}},{"start":{"line":111,"column":0},"end":{"line":111,"column":88}}],"line":109},"1":{"loc":{"start":{"line":111,"column":111},"end":{"line":117,"column":36}},"type":"if","locations":[{"start":{"line":111,"column":111},"end":{"line":117,"column":36}},{"start":{"line":111,"column":111},"end":{"line":117,"column":36}}],"line":111},"2":{"loc":{"start":{"line":111,"column":115},"end":{"line":111,"column":184}},"type":"binary-expr","locations":[{"start":{"line":111,"column":115},"end":{"line":111,"column":152}},{"start":{"line":111,"column":156},"end":{"line":111,"column":184}}],"line":111},"3":{"loc":{"start":{"line":112,"column":71},"end":{"line":115,"column":14}},"type":"if","locations":[{"start":{"line":112,"column":71},"end":{"line":115,"column":14}},{"start":{"line":112,"column":71},"end":{"line":115,"column":14}}],"line":112},"4":{"loc":{"start":{"line":115,"column":113},"end":{"line":117,"column":32}},"type":"if","locations":[{"start":{"line":115,"column":113},"end":{"line":117,"column":32}},{"start":{"line":115,"column":113},"end":{"line":117,"column":32}}],"line":115},"5":{"loc":{"start":{"line":117,"column":257},"end":{"line":124,"column":64}},"type":"if","locations":[{"start":{"line":117,"column":257},"end":{"line":124,"column":64}},{"start":{"line":117,"column":257},"end":{"line":124,"column":64}}],"line":117},"6":{"loc":{"start":{"line":117,"column":302},"end":{"line":124,"column":63}},"type":"if","locations":[{"start":{"line":117,"column":302},"end":{"line":124,"column":63}},{"start":{"line":117,"column":302},"end":{"line":124,"column":63}}],"line":117},"7":{"loc":{"start":{"line":126,"column":4},"end":{"line":128,"column":30}},"type":"if","locations":[{"start":{"line":126,"column":4},"end":{"line":128,"column":30}},{"start":{"line":126,"column":4},"end":{"line":128,"column":30}}],"line":126},"8":{"loc":{"start":{"line":126,"column":8},"end":{"line":126,"column":100}},"type":"binary-expr","locations":[{"start":{"line":126,"column":8},"end":{"line":126,"column":31}},{"start":{"line":126,"column":35},"end":{"line":126,"column":100}}],"line":126},"9":{"loc":{"start":{"line":128,"column":150},"end":{"line":128,"column":267}},"type":"if","locations":[{"start":{"line":128,"column":150},"end":{"line":128,"column":267}},{"start":{"line":128,"column":150},"end":{"line":128,"column":267}}],"line":128}},"s":{"0":0,"1":0,"2":0,"3":0,"4":0,"5":0,"6":0,"7":0,"8":0,"9":0,"10":0,"11":0,"12":0,"13":0,"14":0,"15":0,"16":0,"17":0,"18":0,"19":0,"20":0,"21":0,"22":0,"23":0,"24":0,"25":0,"26":0,"27":0,"28":0,"29":0,"30":0,"31":0},"f":{"0":0,"1":0,"2":0,"3":0,"4":0,"5":0,"6":0,"7":0,"8":0,"9":0,"10":0,"11":0,"12":0,"13":0},"b":{"0":[0,0,0],"1":[0,0],"2":[0,0],"3":[0,0],"4":[0,0],"5":[0,0],"6":[0,0],"7":[0,0],"8":[0,0],"9":[0,0]}}
,"/Users/max/Documents/Project/Explore/udemy/Robofriends-pwa/src/setupTests.js": {"path":"/Users/max/Documents/Project/Explore/udemy/Robofriends-pwa/src/setupTests.js","statementMap":{"0":{"start":{"line":4,"column":0},"end":{"line":4,"column":37}}},"fnMap":{},"branchMap":{},"s":{"0":1},"f":{},"b":{},"_coverageSchema":"332fd63041d2c1bcb487cc26dd0d5f7d97098a6c","hash":"165c1e0faf4eff91dd3608176c5e62736eba1461"}
,"/Users/max/Documents/Project/Explore/udemy/Robofriends-pwa/src/api/api.js": {"path":"/Users/max/Documents/Project/Explore/udemy/Robofriends-pwa/src/api/api.js","statementMap":{"0":{"start":{"line":1,"column":13},"end":{"line":1,"column":75}},"1":{"start":{"line":1,"column":91},"end":{"line":2,"column":45}},"2":{"start":{"line":2,"column":0},"end":{"line":2,"column":45}},"3":{"start":{"line":2,"column":29},"end":{"line":2,"column":44}}},"fnMap":{"0":{"name":"(anonymous_0)","decl":{"start":{"line":1,"column":109},"end":{"line":1,"column":110}},"loc":{"start":{"line":2,"column":0},"end":{"line":2,"column":45}},"line":2},"1":{"name":"(anonymous_1)","decl":{"start":{"line":2,"column":17},"end":{"line":2,"column":18}},"loc":{"start":{"line":2,"column":29},"end":{"line":2,"column":44}},"line":2}},"branchMap":{},"s":{"0":0,"1":0,"2":0,"3":0},"f":{"0":0,"1":0},"b":{}}
,"/Users/max/Documents/Project/Explore/udemy/Robofriends-pwa/src/components/Card.js": {"path":"/Users/max/Documents/Project/Explore/udemy/Robofriends-pwa/src/components/Card.js","statementMap":{"0":{"start":{"line":3,"column":13},"end":{"line":13,"column":1}},"1":{"start":{"line":4,"column":2},"end":{"line":12,"column":4}}},"fnMap":{"0":{"name":"(anonymous_0)","decl":{"start":{"line":3,"column":13},"end":{"line":3,"column":14}},"loc":{"start":{"line":3,"column":38},"end":{"line":13,"column":1}},"line":3}},"branchMap":{},"s":{"0":1,"1":1},"f":{"0":1},"b":{},"_coverageSchema":"332fd63041d2c1bcb487cc26dd0d5f7d97098a6c","hash":"641ff779433114771672325c08017814c2d92a7f"}
,"/Users/max/Documents/Project/Explore/udemy/Robofriends-pwa/src/components/CardList.js": {"path":"/Users/max/Documents/Project/Explore/udemy/Robofriends-pwa/src/components/CardList.js","statementMap":{"0":{"start":{"line":1,"column":13},"end":{"line":1,"column":75}},"1":{"start":{"line":1,"column":94},"end":{"line":1,"column":181}},"2":{"start":{"line":1,"column":195},"end":{"line":1,"column":211}},"3":{"start":{"line":1,"column":226},"end":{"line":1,"column":256}},"4":{"start":{"line":2,"column":12},"end":{"line":2,"column":29}},"5":{"start":{"line":2,"column":43},"end":{"line":2,"column":72}},"6":{"start":{"line":2,"column":111},"end":{"line":2,"column":165}},"7":{"start":{"line":4,"column":17},"end":{"line":22,"column":1}},"8":{"start":{"line":5,"column":2},"end":{"line":5,"column":26}},"9":{"start":{"line":6,"column":2},"end":{"line":18,"column":11}},"10":{"start":{"line":10,"column":8},"end":{"line":15,"column":112}},"11":{"start":{"line":22,"column":2},"end":{"line":24,"column":9}}},"fnMap":{"0":{"name":"_interopRequireDefault","decl":{"start":{"line":2,"column":82},"end":{"line":2,"column":104}},"loc":{"start":{"line":2,"column":110},"end":{"line":2,"column":166}},"line":2},"1":{"name":"(anonymous_1)","decl":{"start":{"line":4,"column":17},"end":{"line":4,"column":18}},"loc":{"start":{"line":4,"column":33},"end":{"line":22,"column":1}},"line":4},"2":{"name":"(anonymous_2)","decl":{"start":{"line":9,"column":17},"end":{"line":9,"column":18}},"loc":{"start":{"line":9,"column":30},"end":{"line":18,"column":7}},"line":9}},"branchMap":{"0":{"loc":{"start":{"line":2,"column":118},"end":{"line":2,"column":164}},"type":"cond-expr","locations":[{"start":{"line":2,"column":142},"end":{"line":2,"column":145}},{"start":{"line":2,"column":148},"end":{"line":2,"column":164}}],"line":2},"1":{"loc":{"start":{"line":2,"column":118},"end":{"line":2,"column":139}},"type":"binary-expr","locations":[{"start":{"line":2,"column":118},"end":{"line":2,"column":121}},{"start":{"line":2,"column":125},"end":{"line":2,"column":139}}],"line":2}},"s":{"0":0,"1":0,"2":0,"3":0,"4":0,"5":0,"6":0,"7":0,"8":0,"9":0,"10":0,"11":0},"f":{"0":0,"1":0,"2":0},"b":{"0":[0,0],"1":[0,0]}}
,"/Users/max/Documents/Project/Explore/udemy/Robofriends-pwa/src/components/CounterButton.js": {"path":"/Users/max/Documents/Project/Explore/udemy/Robofriends-pwa/src/components/CounterButton.js","statementMap":{"0":{"start":{"line":1,"column":13},"end":{"line":1,"column":75}},"1":{"start":{"line":1,"column":94},"end":{"line":1,"column":186}},"2":{"start":{"line":1,"column":200},"end":{"line":1,"column":216}},"3":{"start":{"line":1,"column":231},"end":{"line":1,"column":261}},"4":{"start":{"line":1,"column":300},"end":{"line":1,"column":354}},"5":{"start":{"line":5,"column":4},"end":{"line":5,"column":17}},"6":{"start":{"line":6,"column":4},"end":{"line":6,"column":30}},"7":{"start":{"line":10,"column":4},"end":{"line":12,"column":5}},"8":{"start":{"line":11,"column":6},"end":{"line":11,"column":18}},"9":{"start":{"line":13,"column":4},"end":{"line":13,"column":17}},"10":{"start":{"line":17,"column":4},"end":{"line":17,"column":27}},"11":{"start":{"line":18,"column":4},"end":{"line":22,"column":27}},"12":{"start":{"line":21,"column":25},"end":{"line":21,"column":77}},"13":{"start":{"line":21,"column":49},"end":{"line":21,"column":75}},"14":{"start":{"line":25,"column":4},"end":{"line":28,"column":14}}},"fnMap":{"0":{"name":"_interopRequireDefault","decl":{"start":{"line":1,"column":271},"end":{"line":1,"column":293}},"loc":{"start":{"line":1,"column":299},"end":{"line":1,"column":355}},"line":1},"1":{"name":"(anonymous_1)","decl":{"start":{"line":4,"column":2},"end":{"line":4,"column":3}},"loc":{"start":{"line":4,"column":21},"end":{"line":7,"column":3}},"line":4},"2":{"name":"(anonymous_2)","decl":{"start":{"line":9,"column":2},"end":{"line":9,"column":3}},"loc":{"start":{"line":9,"column":46},"end":{"line":14,"column":3}},"line":9},"3":{"name":"(anonymous_3)","decl":{"start":{"line":16,"column":2},"end":{"line":16,"column":3}},"loc":{"start":{"line":16,"column":11},"end":{"line":25,"column":3}},"line":16},"4":{"name":"(anonymous_4)","decl":{"start":{"line":21,"column":19},"end":{"line":21,"column":20}},"loc":{"start":{"line":21,"column":25},"end":{"line":21,"column":77}},"line":21},"5":{"name":"(anonymous_5)","decl":{"start":{"line":21,"column":39},"end":{"line":21,"column":40}},"loc":{"start":{"line":21,"column":49},"end":{"line":21,"column":75}},"line":21}},"branchMap":{"0":{"loc":{"start":{"line":1,"column":307},"end":{"line":1,"column":353}},"type":"cond-expr","locations":[{"start":{"line":1,"column":331},"end":{"line":1,"column":334}},{"start":{"line":1,"column":337},"end":{"line":1,"column":353}}],"line":1},"1":{"loc":{"start":{"line":1,"column":307},"end":{"line":1,"column":328}},"type":"binary-expr","locations":[{"start":{"line":1,"column":307},"end":{"line":1,"column":310}},{"start":{"line":1,"column":314},"end":{"line":1,"column":328}}],"line":1},"2":{"loc":{"start":{"line":10,"column":4},"end":{"line":12,"column":5}},"type":"if","locations":[{"start":{"line":10,"column":4},"end":{"line":12,"column":5}},{"start":{"line":10,"column":4},"end":{"line":12,"column":5}}],"line":10}},"s":{"0":0,"1":0,"2":0,"3":0,"4":0,"5":0,"6":0,"7":0,"8":0,"9":0,"10":0,"11":0,"12":0,"13":0,"14":0},"f":{"0":0,"1":0,"2":0,"3":0,"4":0,"5":0},"b":{"0":[0,0],"1":[0,0],"2":[0,0]}}
,"/Users/max/Documents/Project/Explore/udemy/Robofriends-pwa/src/components/ErrorBoundry.js": {"path":"/Users/max/Documents/Project/Explore/udemy/Robofriends-pwa/src/components/ErrorBoundry.js","statementMap":{"0":{"start":{"line":1,"column":13},"end":{"line":1,"column":75}},"1":{"start":{"line":1,"column":94},"end":{"line":1,"column":185}},"2":{"start":{"line":1,"column":199},"end":{"line":1,"column":215}},"3":{"start":{"line":1,"column":230},"end":{"line":1,"column":260}},"4":{"start":{"line":1,"column":299},"end":{"line":1,"column":353}},"5":{"start":{"line":5,"column":4},"end":{"line":5,"column":17}},"6":{"start":{"line":6,"column":4},"end":{"line":6,"column":37}},"7":{"start":{"line":10,"column":4},"end":{"line":10,"column":38}},"8":{"start":{"line":14,"column":4},"end":{"line":14,"column":33}},"9":{"start":{"line":15,"column":4},"end":{"line":17,"column":5}},"10":{"start":{"line":16,"column":6},"end":{"line":16,"column":146}},"11":{"start":{"line":18,"column":4},"end":{"line":18,"column":31}},"12":{"start":{"line":19,"column":4},"end":{"line":22,"column":14}}},"fnMap":{"0":{"name":"_interopRequireDefault","decl":{"start":{"line":1,"column":270},"end":{"line":1,"column":292}},"loc":{"start":{"line":1,"column":298},"end":{"line":1,"column":354}},"line":1},"1":{"name":"(anonymous_1)","decl":{"start":{"line":4,"column":2},"end":{"line":4,"column":3}},"loc":{"start":{"line":4,"column":21},"end":{"line":7,"column":3}},"line":4},"2":{"name":"(anonymous_2)","decl":{"start":{"line":9,"column":2},"end":{"line":9,"column":3}},"loc":{"start":{"line":9,"column":33},"end":{"line":11,"column":3}},"line":9},"3":{"name":"(anonymous_3)","decl":{"start":{"line":13,"column":2},"end":{"line":13,"column":3}},"loc":{"start":{"line":13,"column":11},"end":{"line":19,"column":3}},"line":13}},"branchMap":{"0":{"loc":{"start":{"line":1,"column":306},"end":{"line":1,"column":352}},"type":"cond-expr","locations":[{"start":{"line":1,"column":330},"end":{"line":1,"column":333}},{"start":{"line":1,"column":336},"end":{"line":1,"column":352}}],"line":1},"1":{"loc":{"start":{"line":1,"column":306},"end":{"line":1,"column":327}},"type":"binary-expr","locations":[{"start":{"line":1,"column":306},"end":{"line":1,"column":309}},{"start":{"line":1,"column":313},"end":{"line":1,"column":327}}],"line":1},"2":{"loc":{"start":{"line":15,"column":4},"end":{"line":17,"column":5}},"type":"if","locations":[{"start":{"line":15,"column":4},"end":{"line":17,"column":5}},{"start":{"line":15,"column":4},"end":{"line":17,"column":5}}],"line":15}},"s":{"0":0,"1":0,"2":0,"3":0,"4":0,"5":0,"6":0,"7":0,"8":0,"9":0,"10":0,"11":0,"12":0},"f":{"0":0,"1":0,"2":0,"3":0},"b":{"0":[0,0],"1":[0,0],"2":[0,0]}}
,"/Users/max/Documents/Project/Explore/udemy/Robofriends-pwa/src/components/Header.js": {"path":"/Users/max/Documents/Project/Explore/udemy/Robofriends-pwa/src/components/Header.js","statementMap":{"0":{"start":{"line":1,"column":13},"end":{"line":1,"column":75}},"1":{"start":{"line":1,"column":94},"end":{"line":1,"column":179}},"2":{"start":{"line":1,"column":193},"end":{"line":1,"column":209}},"3":{"start":{"line":1,"column":224},"end":{"line":1,"column":254}},"4":{"start":{"line":2,"column":21},"end":{"line":2,"column":47}},"5":{"start":{"line":2,"column":70},"end":{"line":2,"column":108}},"6":{"start":{"line":2,"column":147},"end":{"line":2,"column":201}},"7":{"start":{"line":11,"column":4},"end":{"line":11,"column":17}},"8":{"start":{"line":14,"column":4},"end":{"line":14,"column":26}},"9":{"start":{"line":15,"column":4},"end":{"line":18,"column":137}},"10":{"start":{"line":22,"column":1},"end":{"line":24,"column":7}}},"fnMap":{"0":{"name":"_interopRequireDefault","decl":{"start":{"line":2,"column":118},"end":{"line":2,"column":140}},"loc":{"start":{"line":2,"column":146},"end":{"line":2,"column":202}},"line":2},"1":{"name":"(anonymous_1)","decl":{"start":{"line":10,"column":2},"end":{"line":10,"column":3}},"loc":{"start":{"line":10,"column":46},"end":{"line":12,"column":3}},"line":10},"2":{"name":"(anonymous_2)","decl":{"start":{"line":13,"column":2},"end":{"line":13,"column":3}},"loc":{"start":{"line":13,"column":11},"end":{"line":21,"column":3}},"line":13}},"branchMap":{"0":{"loc":{"start":{"line":2,"column":154},"end":{"line":2,"column":200}},"type":"cond-expr","locations":[{"start":{"line":2,"column":178},"end":{"line":2,"column":181}},{"start":{"line":2,"column":184},"end":{"line":2,"column":200}}],"line":2},"1":{"loc":{"start":{"line":2,"column":154},"end":{"line":2,"column":175}},"type":"binary-expr","locations":[{"start":{"line":2,"column":154},"end":{"line":2,"column":157}},{"start":{"line":2,"column":161},"end":{"line":2,"column":175}}],"line":2}},"s":{"0":0,"1":0,"2":0,"3":0,"4":0,"5":0,"6":0,"7":0,"8":0,"9":0,"10":0},"f":{"0":0,"1":0,"2":0},"b":{"0":[0,0],"1":[0,0]}}
,"/Users/max/Documents/Project/Explore/udemy/Robofriends-pwa/src/components/Scroll.js": {"path":"/Users/max/Documents/Project/Explore/udemy/Robofriends-pwa/src/components/Scroll.js","statementMap":{"0":{"start":{"line":1,"column":13},"end":{"line":1,"column":75}},"1":{"start":{"line":1,"column":94},"end":{"line":1,"column":179}},"2":{"start":{"line":1,"column":193},"end":{"line":1,"column":209}},"3":{"start":{"line":1,"column":224},"end":{"line":1,"column":254}},"4":{"start":{"line":1,"column":293},"end":{"line":1,"column":347}},"5":{"start":{"line":3,"column":15},"end":{"line":10,"column":1}},"6":{"start":{"line":4,"column":2},"end":{"line":4,"column":24}},"7":{"start":{"line":5,"column":2},"end":{"line":7,"column":23}},"8":{"start":{"line":10,"column":2},"end":{"line":12,"column":7}}},"fnMap":{"0":{"name":"_interopRequireDefault","decl":{"start":{"line":1,"column":264},"end":{"line":1,"column":286}},"loc":{"start":{"line":1,"column":292},"end":{"line":1,"column":348}},"line":1},"1":{"name":"(anonymous_1)","decl":{"start":{"line":3,"column":15},"end":{"line":3,"column":16}},"loc":{"start":{"line":3,"column":24},"end":{"line":10,"column":1}},"line":3}},"branchMap":{"0":{"loc":{"start":{"line":1,"column":300},"end":{"line":1,"column":346}},"type":"cond-expr","locations":[{"start":{"line":1,"column":324},"end":{"line":1,"column":327}},{"start":{"line":1,"column":330},"end":{"line":1,"column":346}}],"line":1},"1":{"loc":{"start":{"line":1,"column":300},"end":{"line":1,"column":321}},"type":"binary-expr","locations":[{"start":{"line":1,"column":300},"end":{"line":1,"column":303}},{"start":{"line":1,"column":307},"end":{"line":1,"column":321}}],"line":1}},"s":{"0":0,"1":0,"2":0,"3":0,"4":0,"5":0,"6":0,"7":0,"8":0},"f":{"0":0,"1":0},"b":{"0":[0,0],"1":[0,0]}}
,"/Users/max/Documents/Project/Explore/udemy/Robofriends-pwa/src/components/SearchBox.js": {"path":"/Users/max/Documents/Project/Explore/udemy/Robofriends-pwa/src/components/SearchBox.js","statementMap":{"0":{"start":{"line":1,"column":13},"end":{"line":1,"column":75}},"1":{"start":{"line":1,"column":94},"end":{"line":1,"column":182}},"2":{"start":{"line":1,"column":196},"end":{"line":1,"column":212}},"3":{"start":{"line":1,"column":227},"end":{"line":1,"column":257}},"4":{"start":{"line":1,"column":296},"end":{"line":1,"column":350}},"5":{"start":{"line":3,"column":18},"end":{"line":16,"column":1}},"6":{"start":{"line":4,"column":2},"end":{"line":4,"column":27}},"7":{"start":{"line":5,"column":2},"end":{"line":12,"column":108}},"8":{"start":{"line":16,"column":2},"end":{"line":18,"column":10}}},"fnMap":{"0":{"name":"_interopRequireDefault","decl":{"start":{"line":1,"column":267},"end":{"line":1,"column":289}},"loc":{"start":{"line":1,"column":295},"end":{"line":1,"column":351}},"line":1},"1":{"name":"(anonymous_1)","decl":{"start":{"line":3,"column":18},"end":{"line":3,"column":19}},"loc":{"start":{"line":3,"column":53},"end":{"line":16,"column":1}},"line":3}},"branchMap":{"0":{"loc":{"start":{"line":1,"column":303},"end":{"line":1,"column":349}},"type":"cond-expr","locations":[{"start":{"line":1,"column":327},"end":{"line":1,"column":330}},{"start":{"line":1,"column":333},"end":{"line":1,"column":349}}],"line":1},"1":{"loc":{"start":{"line":1,"column":303},"end":{"line":1,"column":324}},"type":"binary-expr","locations":[{"start":{"line":1,"column":303},"end":{"line":1,"column":306}},{"start":{"line":1,"column":310},"end":{"line":1,"column":324}}],"line":1}},"s":{"0":0,"1":0,"2":0,"3":0,"4":0,"5":0,"6":0,"7":0,"8":0},"f":{"0":0,"1":0},"b":{"0":[0,0],"1":[0,0]}}
,"/Users/max/Documents/Project/Explore/udemy/Robofriends-pwa/src/containers/App.js": {"path":"/Users/max/Documents/Project/Explore/udemy/Robofriends-pwa/src/containers/App.js","statementMap":{"0":{"start":{"line":1,"column":13},"end":{"line":1,"column":75}},"1":{"start":{"line":1,"column":94},"end":{"line":1,"column":176}},"2":{"start":{"line":1,"column":190},"end":{"line":1,"column":206}},"3":{"start":{"line":1,"column":221},"end":{"line":1,"column":251}},"4":{"start":{"line":2,"column":18},"end":{"line":2,"column":40}},"5":{"start":{"line":3,"column":15},"end":{"line":3,"column":36}},"6":{"start":{"line":5,"column":16},"end":{"line":5,"column":49}},"7":{"start":{"line":5,"column":67},"end":{"line":5,"column":100}},"8":{"start":{"line":6,"column":17},"end":{"line":6,"column":51}},"9":{"start":{"line":6,"column":70},"end":{"line":6,"column":104}},"10":{"start":{"line":7,"column":14},"end":{"line":7,"column":45}},"11":{"start":{"line":7,"column":61},"end":{"line":7,"column":92}},"12":{"start":{"line":8,"column":20},"end":{"line":8,"column":57}},"13":{"start":{"line":8,"column":79},"end":{"line":8,"column":116}},"14":{"start":{"line":9,"column":14},"end":{"line":9,"column":45}},"15":{"start":{"line":9,"column":61},"end":{"line":9,"column":92}},"16":{"start":{"line":11,"column":0},"end":{"line":11,"column":21}},"17":{"start":{"line":11,"column":59},"end":{"line":11,"column":113}},"18":{"start":{"line":13,"column":24},"end":{"line":19,"column":1}},"19":{"start":{"line":14,"column":2},"end":{"line":17,"column":47}},"20":{"start":{"line":21,"column":27},"end":{"line":26,"column":1}},"21":{"start":{"line":22,"column":2},"end":{"line":24,"column":67}},"22":{"start":{"line":23,"column":29},"end":{"line":23,"column":87}},"23":{"start":{"line":24,"column":27},"end":{"line":24,"column":64}},"24":{"start":{"line":30,"column":4},"end":{"line":30,"column":12}},"25":{"start":{"line":31,"column":4},"end":{"line":32,"column":17}},"26":{"start":{"line":36,"column":4},"end":{"line":36,"column":33}},"27":{"start":{"line":40,"column":63},"end":{"line":40,"column":73}},"28":{"start":{"line":41,"column":27},"end":{"line":43,"column":6}},"29":{"start":{"line":42,"column":6},"end":{"line":42,"column":74}},"30":{"start":{"line":44,"column":4},"end":{"line":51,"column":162}},"31":{"start":{"line":57,"column":4},"end":{"line":60,"column":67}}},"fnMap":{"0":{"name":"_interopRequireDefault","decl":{"start":{"line":11,"column":30},"end":{"line":11,"column":52}},"loc":{"start":{"line":11,"column":58},"end":{"line":11,"column":114}},"line":11},"1":{"name":"(anonymous_1)","decl":{"start":{"line":13,"column":24},"end":{"line":13,"column":25}},"loc":{"start":{"line":13,"column":33},"end":{"line":19,"column":1}},"line":13},"2":{"name":"(anonymous_2)","decl":{"start":{"line":21,"column":27},"end":{"line":21,"column":28}},"loc":{"start":{"line":21,"column":39},"end":{"line":26,"column":1}},"line":21},"3":{"name":"(anonymous_3)","decl":{"start":{"line":23,"column":20},"end":{"line":23,"column":21}},"loc":{"start":{"line":23,"column":29},"end":{"line":23,"column":87}},"line":23},"4":{"name":"(anonymous_4)","decl":{"start":{"line":24,"column":21},"end":{"line":24,"column":22}},"loc":{"start":{"line":24,"column":27},"end":{"line":24,"column":64}},"line":24},"5":{"name":"(anonymous_5)","decl":{"start":{"line":29,"column":2},"end":{"line":29,"column":3}},"loc":{"start":{"line":29,"column":16},"end":{"line":34,"column":3}},"line":29},"6":{"name":"(anonymous_6)","decl":{"start":{"line":35,"column":2},"end":{"line":35,"column":3}},"loc":{"start":{"line":35,"column":22},"end":{"line":37,"column":3}},"line":35},"7":{"name":"(anonymous_7)","decl":{"start":{"line":39,"column":2},"end":{"line":39,"column":3}},"loc":{"start":{"line":39,"column":11},"end":{"line":57,"column":3}},"line":39},"8":{"name":"(anonymous_8)","decl":{"start":{"line":41,"column":41},"end":{"line":41,"column":42}},"loc":{"start":{"line":41,"column":50},"end":{"line":43,"column":5}},"line":41}},"branchMap":{"0":{"loc":{"start":{"line":11,"column":66},"end":{"line":11,"column":112}},"type":"cond-expr","locations":[{"start":{"line":11,"column":90},"end":{"line":11,"column":93}},{"start":{"line":11,"column":96},"end":{"line":11,"column":112}}],"line":11},"1":{"loc":{"start":{"line":11,"column":66},"end":{"line":11,"column":87}},"type":"binary-expr","locations":[{"start":{"line":11,"column":66},"end":{"line":11,"column":69}},{"start":{"line":11,"column":73},"end":{"line":11,"column":87}}],"line":11},"2":{"loc":{"start":{"line":49,"column":10},"end":{"line":51,"column":158}},"type":"cond-expr","locations":[{"start":{"line":49,"column":22},"end":{"line":49,"column":140}},{"start":{"line":50,"column":10},"end":{"line":51,"column":158}}],"line":49}},"s":{"0":0,"1":0,"2":0,"3":0,"4":0,"5":0,"6":0,"7":0,"8":0,"9":0,"10":0,"11":0,"12":0,"13":0,"14":0,"15":0,"16":0,"17":0,"18":0,"19":0,"20":0,"21":0,"22":0,"23":0,"24":0,"25":0,"26":0,"27":0,"28":0,"29":0,"30":0,"31":0},"f":{"0":0,"1":0,"2":0,"3":0,"4":0,"5":0,"6":0,"7":0,"8":0},"b":{"0":[0,0],"1":[0,0],"2":[0,0]}}
}
